
SQL*Loader: Release 12.1.0.1.0 - Production on Mon Dec 9 06:03:32 2019

Copyright (c) 1982, 2013, Oracle and/or its affiliates.  All rights reserved.

Control File:   lab18.ctl
Data File:      lab18.ctl
  Bad File:     lab18.bad
  Discard File:  none specified
 
 (Allow all discards)

Number to load: ALL
Number to skip: 0
Errors allowed: 50
Bind array:     64 rows, maximum of 256000 bytes
Continuation:    none specified
Path used:      Conventional

Table LOADERINFO7, loaded from every logical record.
Insert option in effect for this table: APPEND

   Column Name                  Position   Len  Term Encl Datatype
------------------------------ ---------- ----- ---- ---- ---------------------
F1                                    1:2     2   ,  O(") CHARACTER            
F2                                   5:13     9   ,  O(") CHARACTER            
    SQL string for column : "UPPER(:f2)"
F3                                  17:26    10   ,  O(") CHARACTER            


Table LOADERINFO7:
  20 Rows successfully loaded.
  0 Rows not loaded due to data errors.
  0 Rows not loaded because all WHEN clauses were failed.
  0 Rows not loaded because all fields were null.


Space allocated for bind array:                   1792 bytes(64 rows)
Read   buffer bytes: 1048576

Total logical records skipped:          0
Total logical records read:            20
Total logical records rejected:         0
Total logical records discarded:        0

Run began on Mon Dec 09 06:03:32 2019
Run ended on Mon Dec 09 06:03:32 2019

Elapsed time was:     00:00:00.09
CPU time was:         00:00:00.04
